<?xml version="1.0" encoding="UTF-8"?>
<testsuite xmlns:xsi="http://www.w3.org/2001/XMLSchema-instance" xsi:noNamespaceSchemaLocation="https://maven.apache.org/surefire/maven-surefire-plugin/xsd/surefire-test-report.xsd" name="club.zymcloud.zymblog.ZymblogApplicationTests" time="10.601" tests="2" errors="0" skipped="0" failures="0">
  <properties>
    <property name="sun.desktop" value="windows"/>
    <property name="awt.toolkit" value="sun.awt.windows.WToolkit"/>
    <property name="file.encoding.pkg" value="sun.io"/>
    <property name="java.specification.version" value="1.8"/>
    <property name="sun.cpu.isalist" value="amd64"/>
    <property name="sun.jnu.encoding" value="GBK"/>
    <property name="java.class.path" value="F:\IntelliJ IDEA 2019.3.1\workspace\zymblog\target\test-classes;F:\IntelliJ IDEA 2019.3.1\workspace\zymblog\target\classes;F:\spring\apache-maven-3.6.1-bin\maven-repository\org\mybatis\spring\boot\mybatis-spring-boot-starter\2.1.1\mybatis-spring-boot-starter-2.1.1.jar;F:\spring\apache-maven-3.6.1-bin\maven-repository\org\springframework\boot\spring-boot-starter\2.2.5.RELEASE\spring-boot-starter-2.2.5.RELEASE.jar;F:\spring\apache-maven-3.6.1-bin\maven-repository\org\springframework\boot\spring-boot-starter-logging\2.2.5.RELEASE\spring-boot-starter-logging-2.2.5.RELEASE.jar;F:\spring\apache-maven-3.6.1-bin\maven-repository\ch\qos\logback\logback-classic\1.2.3\logback-classic-1.2.3.jar;F:\spring\apache-maven-3.6.1-bin\maven-repository\ch\qos\logback\logback-core\1.2.3\logback-core-1.2.3.jar;F:\spring\apache-maven-3.6.1-bin\maven-repository\org\apache\logging\log4j\log4j-to-slf4j\2.12.1\log4j-to-slf4j-2.12.1.jar;F:\spring\apache-maven-3.6.1-bin\maven-repository\org\apache\logging\log4j\log4j-api\2.12.1\log4j-api-2.12.1.jar;F:\spring\apache-maven-3.6.1-bin\maven-repository\org\slf4j\jul-to-slf4j\1.7.30\jul-to-slf4j-1.7.30.jar;F:\spring\apache-maven-3.6.1-bin\maven-repository\jakarta\annotation\jakarta.annotation-api\1.3.5\jakarta.annotation-api-1.3.5.jar;F:\spring\apache-maven-3.6.1-bin\maven-repository\org\yaml\snakeyaml\1.25\snakeyaml-1.25.jar;F:\spring\apache-maven-3.6.1-bin\maven-repository\org\mybatis\spring\boot\mybatis-spring-boot-autoconfigure\2.1.1\mybatis-spring-boot-autoconfigure-2.1.1.jar;F:\spring\apache-maven-3.6.1-bin\maven-repository\org\mybatis\mybatis\3.5.3\mybatis-3.5.3.jar;F:\spring\apache-maven-3.6.1-bin\maven-repository\org\mybatis\mybatis-spring\2.0.3\mybatis-spring-2.0.3.jar;F:\spring\apache-maven-3.6.1-bin\maven-repository\com\github\pagehelper\pagehelper-spring-boot-starter\1.2.13\pagehelper-spring-boot-starter-1.2.13.jar;F:\spring\apache-maven-3.6.1-bin\maven-repository\com\github\pagehelper\pagehelper-spring-boot-autoconfigure\1.2.13\pagehelper-spring-boot-autoconfigure-1.2.13.jar;F:\spring\apache-maven-3.6.1-bin\maven-repository\com\github\pagehelper\pagehelper\5.1.11\pagehelper-5.1.11.jar;F:\spring\apache-maven-3.6.1-bin\maven-repository\com\github\jsqlparser\jsqlparser\2.0\jsqlparser-2.0.jar;F:\spring\apache-maven-3.6.1-bin\maven-repository\org\springframework\boot\spring-boot-starter-thymeleaf\2.2.5.RELEASE\spring-boot-starter-thymeleaf-2.2.5.RELEASE.jar;F:\spring\apache-maven-3.6.1-bin\maven-repository\org\thymeleaf\thymeleaf-spring5\3.0.11.RELEASE\thymeleaf-spring5-3.0.11.RELEASE.jar;F:\spring\apache-maven-3.6.1-bin\maven-repository\org\thymeleaf\thymeleaf\3.0.11.RELEASE\thymeleaf-3.0.11.RELEASE.jar;F:\spring\apache-maven-3.6.1-bin\maven-repository\org\attoparser\attoparser\2.0.5.RELEASE\attoparser-2.0.5.RELEASE.jar;F:\spring\apache-maven-3.6.1-bin\maven-repository\org\unbescape\unbescape\1.1.6.RELEASE\unbescape-1.1.6.RELEASE.jar;F:\spring\apache-maven-3.6.1-bin\maven-repository\org\slf4j\slf4j-api\1.7.30\slf4j-api-1.7.30.jar;F:\spring\apache-maven-3.6.1-bin\maven-repository\org\thymeleaf\extras\thymeleaf-extras-java8time\3.0.4.RELEASE\thymeleaf-extras-java8time-3.0.4.RELEASE.jar;F:\spring\apache-maven-3.6.1-bin\maven-repository\org\springframework\boot\spring-boot-starter-web\2.2.5.RELEASE\spring-boot-starter-web-2.2.5.RELEASE.jar;F:\spring\apache-maven-3.6.1-bin\maven-repository\org\springframework\boot\spring-boot-starter-json\2.2.5.RELEASE\spring-boot-starter-json-2.2.5.RELEASE.jar;F:\spring\apache-maven-3.6.1-bin\maven-repository\com\fasterxml\jackson\core\jackson-databind\2.10.2\jackson-databind-2.10.2.jar;F:\spring\apache-maven-3.6.1-bin\maven-repository\com\fasterxml\jackson\core\jackson-annotations\2.10.2\jackson-annotations-2.10.2.jar;F:\spring\apache-maven-3.6.1-bin\maven-repository\com\fasterxml\jackson\core\jackson-core\2.10.2\jackson-core-2.10.2.jar;F:\spring\apache-maven-3.6.1-bin\maven-repository\com\fasterxml\jackson\datatype\jackson-datatype-jdk8\2.10.2\jackson-datatype-jdk8-2.10.2.jar;F:\spring\apache-maven-3.6.1-bin\maven-repository\com\fasterxml\jackson\datatype\jackson-datatype-jsr310\2.10.2\jackson-datatype-jsr310-2.10.2.jar;F:\spring\apache-maven-3.6.1-bin\maven-repository\com\fasterxml\jackson\module\jackson-module-parameter-names\2.10.2\jackson-module-parameter-names-2.10.2.jar;F:\spring\apache-maven-3.6.1-bin\maven-repository\org\springframework\boot\spring-boot-starter-tomcat\2.2.5.RELEASE\spring-boot-starter-tomcat-2.2.5.RELEASE.jar;F:\spring\apache-maven-3.6.1-bin\maven-repository\org\apache\tomcat\embed\tomcat-embed-core\9.0.31\tomcat-embed-core-9.0.31.jar;F:\spring\apache-maven-3.6.1-bin\maven-repository\org\apache\tomcat\embed\tomcat-embed-el\9.0.31\tomcat-embed-el-9.0.31.jar;F:\spring\apache-maven-3.6.1-bin\maven-repository\org\apache\tomcat\embed\tomcat-embed-websocket\9.0.31\tomcat-embed-websocket-9.0.31.jar;F:\spring\apache-maven-3.6.1-bin\maven-repository\org\springframework\boot\spring-boot-starter-validation\2.2.5.RELEASE\spring-boot-starter-validation-2.2.5.RELEASE.jar;F:\spring\apache-maven-3.6.1-bin\maven-repository\jakarta\validation\jakarta.validation-api\2.0.2\jakarta.validation-api-2.0.2.jar;F:\spring\apache-maven-3.6.1-bin\maven-repository\org\hibernate\validator\hibernate-validator\6.0.18.Final\hibernate-validator-6.0.18.Final.jar;F:\spring\apache-maven-3.6.1-bin\maven-repository\org\jboss\logging\jboss-logging\3.4.1.Final\jboss-logging-3.4.1.Final.jar;F:\spring\apache-maven-3.6.1-bin\maven-repository\com\fasterxml\classmate\1.5.1\classmate-1.5.1.jar;F:\spring\apache-maven-3.6.1-bin\maven-repository\org\springframework\spring-web\5.2.4.RELEASE\spring-web-5.2.4.RELEASE.jar;F:\spring\apache-maven-3.6.1-bin\maven-repository\org\springframework\spring-beans\5.2.4.RELEASE\spring-beans-5.2.4.RELEASE.jar;F:\spring\apache-maven-3.6.1-bin\maven-repository\org\springframework\spring-webmvc\5.2.4.RELEASE\spring-webmvc-5.2.4.RELEASE.jar;F:\spring\apache-maven-3.6.1-bin\maven-repository\org\springframework\spring-aop\5.2.4.RELEASE\spring-aop-5.2.4.RELEASE.jar;F:\spring\apache-maven-3.6.1-bin\maven-repository\org\springframework\spring-context\5.2.4.RELEASE\spring-context-5.2.4.RELEASE.jar;F:\spring\apache-maven-3.6.1-bin\maven-repository\org\springframework\spring-expression\5.2.4.RELEASE\spring-expression-5.2.4.RELEASE.jar;F:\spring\apache-maven-3.6.1-bin\maven-repository\org\aspectj\aspectjweaver\1.9.5\aspectjweaver-1.9.5.jar;F:\spring\apache-maven-3.6.1-bin\maven-repository\org\springframework\boot\spring-boot-devtools\2.2.5.RELEASE\spring-boot-devtools-2.2.5.RELEASE.jar;F:\spring\apache-maven-3.6.1-bin\maven-repository\org\springframework\boot\spring-boot\2.2.5.RELEASE\spring-boot-2.2.5.RELEASE.jar;F:\spring\apache-maven-3.6.1-bin\maven-repository\org\springframework\boot\spring-boot-autoconfigure\2.2.5.RELEASE\spring-boot-autoconfigure-2.2.5.RELEASE.jar;F:\spring\apache-maven-3.6.1-bin\maven-repository\mysql\mysql-connector-java\8.0.19\mysql-connector-java-8.0.19.jar;F:\spring\apache-maven-3.6.1-bin\maven-repository\org\springframework\boot\spring-boot-starter-jdbc\2.2.5.RELEASE\spring-boot-starter-jdbc-2.2.5.RELEASE.jar;F:\spring\apache-maven-3.6.1-bin\maven-repository\com\zaxxer\HikariCP\3.4.2\HikariCP-3.4.2.jar;F:\spring\apache-maven-3.6.1-bin\maven-repository\org\springframework\spring-jdbc\5.2.4.RELEASE\spring-jdbc-5.2.4.RELEASE.jar;F:\spring\apache-maven-3.6.1-bin\maven-repository\org\springframework\spring-tx\5.2.4.RELEASE\spring-tx-5.2.4.RELEASE.jar;F:\spring\apache-maven-3.6.1-bin\maven-repository\org\projectlombok\lombok\1.18.12\lombok-1.18.12.jar;F:\spring\apache-maven-3.6.1-bin\maven-repository\com\github\penggle\kaptcha\2.3.2\kaptcha-2.3.2.jar;F:\spring\apache-maven-3.6.1-bin\maven-repository\javax\servlet\javax.servlet-api\4.0.1\javax.servlet-api-4.0.1.jar;F:\spring\apache-maven-3.6.1-bin\maven-repository\com\jhlabs\filters\2.0.235-1\filters-2.0.235-1.jar;F:\spring\apache-maven-3.6.1-bin\maven-repository\com\alibaba\fastjson\1.2.67\fastjson-1.2.67.jar;F:\spring\apache-maven-3.6.1-bin\maven-repository\org\springframework\boot\spring-boot-starter-test\2.2.5.RELEASE\spring-boot-starter-test-2.2.5.RELEASE.jar;F:\spring\apache-maven-3.6.1-bin\maven-repository\org\springframework\boot\spring-boot-test\2.2.5.RELEASE\spring-boot-test-2.2.5.RELEASE.jar;F:\spring\apache-maven-3.6.1-bin\maven-repository\org\springframework\boot\spring-boot-test-autoconfigure\2.2.5.RELEASE\spring-boot-test-autoconfigure-2.2.5.RELEASE.jar;F:\spring\apache-maven-3.6.1-bin\maven-repository\com\jayway\jsonpath\json-path\2.4.0\json-path-2.4.0.jar;F:\spring\apache-maven-3.6.1-bin\maven-repository\net\minidev\json-smart\2.3\json-smart-2.3.jar;F:\spring\apache-maven-3.6.1-bin\maven-repository\net\minidev\accessors-smart\1.2\accessors-smart-1.2.jar;F:\spring\apache-maven-3.6.1-bin\maven-repository\org\ow2\asm\asm\5.0.4\asm-5.0.4.jar;F:\spring\apache-maven-3.6.1-bin\maven-repository\jakarta\xml\bind\jakarta.xml.bind-api\2.3.2\jakarta.xml.bind-api-2.3.2.jar;F:\spring\apache-maven-3.6.1-bin\maven-repository\jakarta\activation\jakarta.activation-api\1.2.2\jakarta.activation-api-1.2.2.jar;F:\spring\apache-maven-3.6.1-bin\maven-repository\org\junit\jupiter\junit-jupiter\5.5.2\junit-jupiter-5.5.2.jar;F:\spring\apache-maven-3.6.1-bin\maven-repository\org\junit\jupiter\junit-jupiter-api\5.5.2\junit-jupiter-api-5.5.2.jar;F:\spring\apache-maven-3.6.1-bin\maven-repository\org\apiguardian\apiguardian-api\1.1.0\apiguardian-api-1.1.0.jar;F:\spring\apache-maven-3.6.1-bin\maven-repository\org\opentest4j\opentest4j\1.2.0\opentest4j-1.2.0.jar;F:\spring\apache-maven-3.6.1-bin\maven-repository\org\junit\platform\junit-platform-commons\1.5.2\junit-platform-commons-1.5.2.jar;F:\spring\apache-maven-3.6.1-bin\maven-repository\org\junit\jupiter\junit-jupiter-params\5.5.2\junit-jupiter-params-5.5.2.jar;F:\spring\apache-maven-3.6.1-bin\maven-repository\org\junit\jupiter\junit-jupiter-engine\5.5.2\junit-jupiter-engine-5.5.2.jar;F:\spring\apache-maven-3.6.1-bin\maven-repository\org\junit\platform\junit-platform-engine\1.5.2\junit-platform-engine-1.5.2.jar;F:\spring\apache-maven-3.6.1-bin\maven-repository\org\mockito\mockito-junit-jupiter\3.1.0\mockito-junit-jupiter-3.1.0.jar;F:\spring\apache-maven-3.6.1-bin\maven-repository\org\assertj\assertj-core\3.13.2\assertj-core-3.13.2.jar;F:\spring\apache-maven-3.6.1-bin\maven-repository\org\hamcrest\hamcrest\2.1\hamcrest-2.1.jar;F:\spring\apache-maven-3.6.1-bin\maven-repository\org\mockito\mockito-core\3.1.0\mockito-core-3.1.0.jar;F:\spring\apache-maven-3.6.1-bin\maven-repository\net\bytebuddy\byte-buddy\1.10.8\byte-buddy-1.10.8.jar;F:\spring\apache-maven-3.6.1-bin\maven-repository\net\bytebuddy\byte-buddy-agent\1.10.8\byte-buddy-agent-1.10.8.jar;F:\spring\apache-maven-3.6.1-bin\maven-repository\org\objenesis\objenesis\2.6\objenesis-2.6.jar;F:\spring\apache-maven-3.6.1-bin\maven-repository\org\skyscreamer\jsonassert\1.5.0\jsonassert-1.5.0.jar;F:\spring\apache-maven-3.6.1-bin\maven-repository\com\vaadin\external\google\android-json\0.0.20131108.vaadin1\android-json-0.0.20131108.vaadin1.jar;F:\spring\apache-maven-3.6.1-bin\maven-repository\org\springframework\spring-core\5.2.4.RELEASE\spring-core-5.2.4.RELEASE.jar;F:\spring\apache-maven-3.6.1-bin\maven-repository\org\springframework\spring-jcl\5.2.4.RELEASE\spring-jcl-5.2.4.RELEASE.jar;F:\spring\apache-maven-3.6.1-bin\maven-repository\org\springframework\spring-test\5.2.4.RELEASE\spring-test-5.2.4.RELEASE.jar;F:\spring\apache-maven-3.6.1-bin\maven-repository\org\xmlunit\xmlunit-core\2.6.3\xmlunit-core-2.6.3.jar;"/>
    <property name="java.vm.vendor" value="Oracle Corporation"/>
    <property name="sun.arch.data.model" value="64"/>
    <property name="user.variant" value=""/>
    <property name="java.vendor.url" value="http://java.oracle.com/"/>
    <property name="user.timezone" value="Asia/Shanghai"/>
    <property name="java.vm.specification.version" value="1.8"/>
    <property name="os.name" value="Windows 10"/>
    <property name="user.country" value="CN"/>
    <property name="sun.java.launcher" value="SUN_STANDARD"/>
    <property name="sun.boot.library.path" value="C:\Program Files\Java\jdk1.8.0_162\jre\bin"/>
    <property name="sun.java.command" value="C:\Users\蒙哥哥\AppData\Local\Temp\surefire6990960883817463784\surefirebooter3631329089239014002.jar C:\Users\蒙哥哥\AppData\Local\Temp\surefire6990960883817463784 2020-03-28T18-15-32_872-jvmRun1 surefire1860322163321175173tmp surefire_04037653490311486810tmp"/>
    <property name="surefire.test.class.path" value="F:\IntelliJ IDEA 2019.3.1\workspace\zymblog\target\test-classes;F:\IntelliJ IDEA 2019.3.1\workspace\zymblog\target\classes;F:\spring\apache-maven-3.6.1-bin\maven-repository\org\mybatis\spring\boot\mybatis-spring-boot-starter\2.1.1\mybatis-spring-boot-starter-2.1.1.jar;F:\spring\apache-maven-3.6.1-bin\maven-repository\org\springframework\boot\spring-boot-starter\2.2.5.RELEASE\spring-boot-starter-2.2.5.RELEASE.jar;F:\spring\apache-maven-3.6.1-bin\maven-repository\org\springframework\boot\spring-boot-starter-logging\2.2.5.RELEASE\spring-boot-starter-logging-2.2.5.RELEASE.jar;F:\spring\apache-maven-3.6.1-bin\maven-repository\ch\qos\logback\logback-classic\1.2.3\logback-classic-1.2.3.jar;F:\spring\apache-maven-3.6.1-bin\maven-repository\ch\qos\logback\logback-core\1.2.3\logback-core-1.2.3.jar;F:\spring\apache-maven-3.6.1-bin\maven-repository\org\apache\logging\log4j\log4j-to-slf4j\2.12.1\log4j-to-slf4j-2.12.1.jar;F:\spring\apache-maven-3.6.1-bin\maven-repository\org\apache\logging\log4j\log4j-api\2.12.1\log4j-api-2.12.1.jar;F:\spring\apache-maven-3.6.1-bin\maven-repository\org\slf4j\jul-to-slf4j\1.7.30\jul-to-slf4j-1.7.30.jar;F:\spring\apache-maven-3.6.1-bin\maven-repository\jakarta\annotation\jakarta.annotation-api\1.3.5\jakarta.annotation-api-1.3.5.jar;F:\spring\apache-maven-3.6.1-bin\maven-repository\org\yaml\snakeyaml\1.25\snakeyaml-1.25.jar;F:\spring\apache-maven-3.6.1-bin\maven-repository\org\mybatis\spring\boot\mybatis-spring-boot-autoconfigure\2.1.1\mybatis-spring-boot-autoconfigure-2.1.1.jar;F:\spring\apache-maven-3.6.1-bin\maven-repository\org\mybatis\mybatis\3.5.3\mybatis-3.5.3.jar;F:\spring\apache-maven-3.6.1-bin\maven-repository\org\mybatis\mybatis-spring\2.0.3\mybatis-spring-2.0.3.jar;F:\spring\apache-maven-3.6.1-bin\maven-repository\com\github\pagehelper\pagehelper-spring-boot-starter\1.2.13\pagehelper-spring-boot-starter-1.2.13.jar;F:\spring\apache-maven-3.6.1-bin\maven-repository\com\github\pagehelper\pagehelper-spring-boot-autoconfigure\1.2.13\pagehelper-spring-boot-autoconfigure-1.2.13.jar;F:\spring\apache-maven-3.6.1-bin\maven-repository\com\github\pagehelper\pagehelper\5.1.11\pagehelper-5.1.11.jar;F:\spring\apache-maven-3.6.1-bin\maven-repository\com\github\jsqlparser\jsqlparser\2.0\jsqlparser-2.0.jar;F:\spring\apache-maven-3.6.1-bin\maven-repository\org\springframework\boot\spring-boot-starter-thymeleaf\2.2.5.RELEASE\spring-boot-starter-thymeleaf-2.2.5.RELEASE.jar;F:\spring\apache-maven-3.6.1-bin\maven-repository\org\thymeleaf\thymeleaf-spring5\3.0.11.RELEASE\thymeleaf-spring5-3.0.11.RELEASE.jar;F:\spring\apache-maven-3.6.1-bin\maven-repository\org\thymeleaf\thymeleaf\3.0.11.RELEASE\thymeleaf-3.0.11.RELEASE.jar;F:\spring\apache-maven-3.6.1-bin\maven-repository\org\attoparser\attoparser\2.0.5.RELEASE\attoparser-2.0.5.RELEASE.jar;F:\spring\apache-maven-3.6.1-bin\maven-repository\org\unbescape\unbescape\1.1.6.RELEASE\unbescape-1.1.6.RELEASE.jar;F:\spring\apache-maven-3.6.1-bin\maven-repository\org\slf4j\slf4j-api\1.7.30\slf4j-api-1.7.30.jar;F:\spring\apache-maven-3.6.1-bin\maven-repository\org\thymeleaf\extras\thymeleaf-extras-java8time\3.0.4.RELEASE\thymeleaf-extras-java8time-3.0.4.RELEASE.jar;F:\spring\apache-maven-3.6.1-bin\maven-repository\org\springframework\boot\spring-boot-starter-web\2.2.5.RELEASE\spring-boot-starter-web-2.2.5.RELEASE.jar;F:\spring\apache-maven-3.6.1-bin\maven-repository\org\springframework\boot\spring-boot-starter-json\2.2.5.RELEASE\spring-boot-starter-json-2.2.5.RELEASE.jar;F:\spring\apache-maven-3.6.1-bin\maven-repository\com\fasterxml\jackson\core\jackson-databind\2.10.2\jackson-databind-2.10.2.jar;F:\spring\apache-maven-3.6.1-bin\maven-repository\com\fasterxml\jackson\core\jackson-annotations\2.10.2\jackson-annotations-2.10.2.jar;F:\spring\apache-maven-3.6.1-bin\maven-repository\com\fasterxml\jackson\core\jackson-core\2.10.2\jackson-core-2.10.2.jar;F:\spring\apache-maven-3.6.1-bin\maven-repository\com\fasterxml\jackson\datatype\jackson-datatype-jdk8\2.10.2\jackson-datatype-jdk8-2.10.2.jar;F:\spring\apache-maven-3.6.1-bin\maven-repository\com\fasterxml\jackson\datatype\jackson-datatype-jsr310\2.10.2\jackson-datatype-jsr310-2.10.2.jar;F:\spring\apache-maven-3.6.1-bin\maven-repository\com\fasterxml\jackson\module\jackson-module-parameter-names\2.10.2\jackson-module-parameter-names-2.10.2.jar;F:\spring\apache-maven-3.6.1-bin\maven-repository\org\springframework\boot\spring-boot-starter-tomcat\2.2.5.RELEASE\spring-boot-starter-tomcat-2.2.5.RELEASE.jar;F:\spring\apache-maven-3.6.1-bin\maven-repository\org\apache\tomcat\embed\tomcat-embed-core\9.0.31\tomcat-embed-core-9.0.31.jar;F:\spring\apache-maven-3.6.1-bin\maven-repository\org\apache\tomcat\embed\tomcat-embed-el\9.0.31\tomcat-embed-el-9.0.31.jar;F:\spring\apache-maven-3.6.1-bin\maven-repository\org\apache\tomcat\embed\tomcat-embed-websocket\9.0.31\tomcat-embed-websocket-9.0.31.jar;F:\spring\apache-maven-3.6.1-bin\maven-repository\org\springframework\boot\spring-boot-starter-validation\2.2.5.RELEASE\spring-boot-starter-validation-2.2.5.RELEASE.jar;F:\spring\apache-maven-3.6.1-bin\maven-repository\jakarta\validation\jakarta.validation-api\2.0.2\jakarta.validation-api-2.0.2.jar;F:\spring\apache-maven-3.6.1-bin\maven-repository\org\hibernate\validator\hibernate-validator\6.0.18.Final\hibernate-validator-6.0.18.Final.jar;F:\spring\apache-maven-3.6.1-bin\maven-repository\org\jboss\logging\jboss-logging\3.4.1.Final\jboss-logging-3.4.1.Final.jar;F:\spring\apache-maven-3.6.1-bin\maven-repository\com\fasterxml\classmate\1.5.1\classmate-1.5.1.jar;F:\spring\apache-maven-3.6.1-bin\maven-repository\org\springframework\spring-web\5.2.4.RELEASE\spring-web-5.2.4.RELEASE.jar;F:\spring\apache-maven-3.6.1-bin\maven-repository\org\springframework\spring-beans\5.2.4.RELEASE\spring-beans-5.2.4.RELEASE.jar;F:\spring\apache-maven-3.6.1-bin\maven-repository\org\springframework\spring-webmvc\5.2.4.RELEASE\spring-webmvc-5.2.4.RELEASE.jar;F:\spring\apache-maven-3.6.1-bin\maven-repository\org\springframework\spring-aop\5.2.4.RELEASE\spring-aop-5.2.4.RELEASE.jar;F:\spring\apache-maven-3.6.1-bin\maven-repository\org\springframework\spring-context\5.2.4.RELEASE\spring-context-5.2.4.RELEASE.jar;F:\spring\apache-maven-3.6.1-bin\maven-repository\org\springframework\spring-expression\5.2.4.RELEASE\spring-expression-5.2.4.RELEASE.jar;F:\spring\apache-maven-3.6.1-bin\maven-repository\org\aspectj\aspectjweaver\1.9.5\aspectjweaver-1.9.5.jar;F:\spring\apache-maven-3.6.1-bin\maven-repository\org\springframework\boot\spring-boot-devtools\2.2.5.RELEASE\spring-boot-devtools-2.2.5.RELEASE.jar;F:\spring\apache-maven-3.6.1-bin\maven-repository\org\springframework\boot\spring-boot\2.2.5.RELEASE\spring-boot-2.2.5.RELEASE.jar;F:\spring\apache-maven-3.6.1-bin\maven-repository\org\springframework\boot\spring-boot-autoconfigure\2.2.5.RELEASE\spring-boot-autoconfigure-2.2.5.RELEASE.jar;F:\spring\apache-maven-3.6.1-bin\maven-repository\mysql\mysql-connector-java\8.0.19\mysql-connector-java-8.0.19.jar;F:\spring\apache-maven-3.6.1-bin\maven-repository\org\springframework\boot\spring-boot-starter-jdbc\2.2.5.RELEASE\spring-boot-starter-jdbc-2.2.5.RELEASE.jar;F:\spring\apache-maven-3.6.1-bin\maven-repository\com\zaxxer\HikariCP\3.4.2\HikariCP-3.4.2.jar;F:\spring\apache-maven-3.6.1-bin\maven-repository\org\springframework\spring-jdbc\5.2.4.RELEASE\spring-jdbc-5.2.4.RELEASE.jar;F:\spring\apache-maven-3.6.1-bin\maven-repository\org\springframework\spring-tx\5.2.4.RELEASE\spring-tx-5.2.4.RELEASE.jar;F:\spring\apache-maven-3.6.1-bin\maven-repository\org\projectlombok\lombok\1.18.12\lombok-1.18.12.jar;F:\spring\apache-maven-3.6.1-bin\maven-repository\com\github\penggle\kaptcha\2.3.2\kaptcha-2.3.2.jar;F:\spring\apache-maven-3.6.1-bin\maven-repository\javax\servlet\javax.servlet-api\4.0.1\javax.servlet-api-4.0.1.jar;F:\spring\apache-maven-3.6.1-bin\maven-repository\com\jhlabs\filters\2.0.235-1\filters-2.0.235-1.jar;F:\spring\apache-maven-3.6.1-bin\maven-repository\com\alibaba\fastjson\1.2.67\fastjson-1.2.67.jar;F:\spring\apache-maven-3.6.1-bin\maven-repository\org\springframework\boot\spring-boot-starter-test\2.2.5.RELEASE\spring-boot-starter-test-2.2.5.RELEASE.jar;F:\spring\apache-maven-3.6.1-bin\maven-repository\org\springframework\boot\spring-boot-test\2.2.5.RELEASE\spring-boot-test-2.2.5.RELEASE.jar;F:\spring\apache-maven-3.6.1-bin\maven-repository\org\springframework\boot\spring-boot-test-autoconfigure\2.2.5.RELEASE\spring-boot-test-autoconfigure-2.2.5.RELEASE.jar;F:\spring\apache-maven-3.6.1-bin\maven-repository\com\jayway\jsonpath\json-path\2.4.0\json-path-2.4.0.jar;F:\spring\apache-maven-3.6.1-bin\maven-repository\net\minidev\json-smart\2.3\json-smart-2.3.jar;F:\spring\apache-maven-3.6.1-bin\maven-repository\net\minidev\accessors-smart\1.2\accessors-smart-1.2.jar;F:\spring\apache-maven-3.6.1-bin\maven-repository\org\ow2\asm\asm\5.0.4\asm-5.0.4.jar;F:\spring\apache-maven-3.6.1-bin\maven-repository\jakarta\xml\bind\jakarta.xml.bind-api\2.3.2\jakarta.xml.bind-api-2.3.2.jar;F:\spring\apache-maven-3.6.1-bin\maven-repository\jakarta\activation\jakarta.activation-api\1.2.2\jakarta.activation-api-1.2.2.jar;F:\spring\apache-maven-3.6.1-bin\maven-repository\org\junit\jupiter\junit-jupiter\5.5.2\junit-jupiter-5.5.2.jar;F:\spring\apache-maven-3.6.1-bin\maven-repository\org\junit\jupiter\junit-jupiter-api\5.5.2\junit-jupiter-api-5.5.2.jar;F:\spring\apache-maven-3.6.1-bin\maven-repository\org\apiguardian\apiguardian-api\1.1.0\apiguardian-api-1.1.0.jar;F:\spring\apache-maven-3.6.1-bin\maven-repository\org\opentest4j\opentest4j\1.2.0\opentest4j-1.2.0.jar;F:\spring\apache-maven-3.6.1-bin\maven-repository\org\junit\platform\junit-platform-commons\1.5.2\junit-platform-commons-1.5.2.jar;F:\spring\apache-maven-3.6.1-bin\maven-repository\org\junit\jupiter\junit-jupiter-params\5.5.2\junit-jupiter-params-5.5.2.jar;F:\spring\apache-maven-3.6.1-bin\maven-repository\org\junit\jupiter\junit-jupiter-engine\5.5.2\junit-jupiter-engine-5.5.2.jar;F:\spring\apache-maven-3.6.1-bin\maven-repository\org\junit\platform\junit-platform-engine\1.5.2\junit-platform-engine-1.5.2.jar;F:\spring\apache-maven-3.6.1-bin\maven-repository\org\mockito\mockito-junit-jupiter\3.1.0\mockito-junit-jupiter-3.1.0.jar;F:\spring\apache-maven-3.6.1-bin\maven-repository\org\assertj\assertj-core\3.13.2\assertj-core-3.13.2.jar;F:\spring\apache-maven-3.6.1-bin\maven-repository\org\hamcrest\hamcrest\2.1\hamcrest-2.1.jar;F:\spring\apache-maven-3.6.1-bin\maven-repository\org\mockito\mockito-core\3.1.0\mockito-core-3.1.0.jar;F:\spring\apache-maven-3.6.1-bin\maven-repository\net\bytebuddy\byte-buddy\1.10.8\byte-buddy-1.10.8.jar;F:\spring\apache-maven-3.6.1-bin\maven-repository\net\bytebuddy\byte-buddy-agent\1.10.8\byte-buddy-agent-1.10.8.jar;F:\spring\apache-maven-3.6.1-bin\maven-repository\org\objenesis\objenesis\2.6\objenesis-2.6.jar;F:\spring\apache-maven-3.6.1-bin\maven-repository\org\skyscreamer\jsonassert\1.5.0\jsonassert-1.5.0.jar;F:\spring\apache-maven-3.6.1-bin\maven-repository\com\vaadin\external\google\android-json\0.0.20131108.vaadin1\android-json-0.0.20131108.vaadin1.jar;F:\spring\apache-maven-3.6.1-bin\maven-repository\org\springframework\spring-core\5.2.4.RELEASE\spring-core-5.2.4.RELEASE.jar;F:\spring\apache-maven-3.6.1-bin\maven-repository\org\springframework\spring-jcl\5.2.4.RELEASE\spring-jcl-5.2.4.RELEASE.jar;F:\spring\apache-maven-3.6.1-bin\maven-repository\org\springframework\spring-test\5.2.4.RELEASE\spring-test-5.2.4.RELEASE.jar;F:\spring\apache-maven-3.6.1-bin\maven-repository\org\xmlunit\xmlunit-core\2.6.3\xmlunit-core-2.6.3.jar;"/>
    <property name="sun.cpu.endian" value="little"/>
    <property name="user.home" value="C:\Users\蒙哥哥"/>
    <property name="user.language" value="zh"/>
    <property name="java.specification.vendor" value="Oracle Corporation"/>
    <property name="java.home" value="C:\Program Files\Java\jdk1.8.0_162\jre"/>
    <property name="basedir" value="F:\IntelliJ IDEA 2019.3.1\workspace\zymblog"/>
    <property name="file.separator" value="\"/>
    <property name="line.separator" value="&#10;"/>
    <property name="java.vm.specification.vendor" value="Oracle Corporation"/>
    <property name="java.specification.name" value="Java Platform API Specification"/>
    <property name="java.awt.graphicsenv" value="sun.awt.Win32GraphicsEnvironment"/>
    <property name="surefire.real.class.path" value="C:\Users\蒙哥哥\AppData\Local\Temp\surefire6990960883817463784\surefirebooter3631329089239014002.jar"/>
    <property name="sun.boot.class.path" value="C:\Program Files\Java\jdk1.8.0_162\jre\lib\resources.jar;C:\Program Files\Java\jdk1.8.0_162\jre\lib\rt.jar;C:\Program Files\Java\jdk1.8.0_162\jre\lib\sunrsasign.jar;C:\Program Files\Java\jdk1.8.0_162\jre\lib\jsse.jar;C:\Program Files\Java\jdk1.8.0_162\jre\lib\jce.jar;C:\Program Files\Java\jdk1.8.0_162\jre\lib\charsets.jar;C:\Program Files\Java\jdk1.8.0_162\jre\lib\jfr.jar;C:\Program Files\Java\jdk1.8.0_162\jre\classes"/>
    <property name="user.script" value=""/>
    <property name="sun.management.compiler" value="HotSpot 64-Bit Tiered Compilers"/>
    <property name="java.runtime.version" value="1.8.0_162-b12"/>
    <property name="user.name" value="蒙哥哥"/>
    <property name="path.separator" value=";"/>
    <property name="os.version" value="10.0"/>
    <property name="java.endorsed.dirs" value="C:\Program Files\Java\jdk1.8.0_162\jre\lib\endorsed"/>
    <property name="java.runtime.name" value="Java(TM) SE Runtime Environment"/>
    <property name="file.encoding" value="GBK"/>
    <property name="java.vm.name" value="Java HotSpot(TM) 64-Bit Server VM"/>
    <property name="localRepository" value="F:\spring\apache-maven-3.6.1-bin\maven-repository"/>
    <property name="java.vendor.url.bug" value="http://bugreport.sun.com/bugreport/"/>
    <property name="java.io.tmpdir" value="C:\Users\蒙哥哥\AppData\Local\Temp\"/>
    <property name="java.version" value="1.8.0_162"/>
    <property name="user.dir" value="F:\IntelliJ IDEA 2019.3.1\workspace\zymblog"/>
    <property name="os.arch" value="amd64"/>
    <property name="java.vm.specification.name" value="Java Virtual Machine Specification"/>
    <property name="java.awt.printerjob" value="sun.awt.windows.WPrinterJob"/>
    <property name="idea.version2019.3.1" value="true"/>
    <property name="sun.os.patch.level" value=""/>
    <property name="java.library.path" value="C:\Program Files\Java\jdk1.8.0_162\jre\bin;C:\WINDOWS\Sun\Java\bin;C:\WINDOWS\system32;C:\WINDOWS;C:\ProgramData\Oracle\Java\javapath;F:\Linux\Xftp\;F:\Linux\Xshell\;D:\java\bin;C:\Program Files\NVIDIA Corporation\NVIDIA NvDLISR;C:\Windows\System32;C:\Program Files\MySQL\MySQL Server 5.6\bin;C:\WINDOWS\system32;C:\WINDOWS;C:\WINDOWS\System32\Wbem;C:\WINDOWS\System32\WindowsPowerShell\v1.0\;C:\WINDOWS\System32\OpenSSH\;C:\Program Files (x86)\Intel\Intel(R) Management Engine Components\DAL;C:\Program Files\Intel\Intel(R) Management Engine Components\DAL;C:\Program Files\Intel\WiFi\bin\;C:\Program Files\Common Files\Intel\WirelessCommon\;C:\Program Files (x86)\NVIDIA Corporation\PhysX\Common;F:\spring\apache-maven-3.6.1-bin\apache-maven-3.6.1\bin\;C:\Program Files\Java\jdk1.8.0_162\bin\;C:\Program Files\nodejs\;F:\Git\Program File\Git\cmd;F:\python\python37\Scripts\;F:\python\python37\;C:\Users\蒙哥哥\AppData\Local\Microsoft\WindowsApps;C:\Program Files\Bandizip\;C:\Users\蒙哥哥\AppData\Roaming\npm;F:\python\pycharm\Program File\PyCharm 2019.3.1\bin;C:\Users\蒙哥哥\AppData\Local\GitHubDesktop\bin;."/>
    <property name="java.vm.info" value="mixed mode"/>
    <property name="java.vendor" value="Oracle Corporation"/>
    <property name="java.vm.version" value="25.162-b12"/>
    <property name="java.ext.dirs" value="C:\Program Files\Java\jdk1.8.0_162\jre\lib\ext;C:\WINDOWS\Sun\Java\lib\ext"/>
    <property name="sun.io.unicode.encoding" value="UnicodeLittle"/>
    <property name="java.class.version" value="52.0"/>
  </properties>
  <testcase name="contextLoads1" classname="club.zymcloud.zymblog.ZymblogApplicationTests" time="0.964"/>
  <testcase name="contextLoads" classname="club.zymcloud.zymblog.ZymblogApplicationTests" time="0.033"/>
</testsuite>